0 verbose cli /usr/bin/node /usr/bin/npm
1 info using npm@9.2.0
2 info using node@v18.19.1
3 timing npm:load:whichnode Completed in 0ms
4 timing config:load:defaults Completed in 3ms
5 timing config:load:file:/usr/share/nodejs/npm/npmrc Completed in 3ms
6 timing config:load:builtin Completed in 3ms
7 timing config:load:cli Completed in 3ms
8 timing config:load:env Completed in 1ms
9 timing config:load:file:/home/ubuntu/GVerse/.npmrc Completed in 0ms
10 timing config:load:project Completed in 2ms
11 timing config:load:file:/home/ubuntu/.npmrc Completed in 0ms
12 timing config:load:user Completed in 0ms
13 timing config:load:file:/etc/npmrc Completed in 0ms
14 timing config:load:global Completed in 1ms
15 timing config:load:setEnvs Completed in 1ms
16 timing config:load Completed in 14ms
17 timing npm:load:configload Completed in 14ms
18 timing npm:load:mkdirpcache Completed in 0ms
19 timing npm:load:mkdirplogs Completed in 0ms
20 verbose title npm install
21 verbose argv "install"
22 timing npm:load:setTitle Completed in 2ms
23 timing config:load:flatten Completed in 6ms
24 timing npm:load:display Completed in 7ms
25 verbose logfile logs-max:10 dir:/home/ubuntu/.npm/_logs/2024-10-01T05_15_24_900Z-
26 verbose logfile /home/ubuntu/.npm/_logs/2024-10-01T05_15_24_900Z-debug-0.log
27 timing npm:load:logFile Completed in 9ms
28 timing npm:load:timers Completed in 0ms
29 timing npm:load:configScope Completed in 1ms
30 timing npm:load Completed in 35ms
31 timing config:load:flatten Completed in 1ms
32 timing arborist:ctor Completed in 1ms
33 silly logfile done cleaning log files
34 timing idealTree:init Completed in 383ms
35 timing idealTree:userRequests Completed in 1ms
36 silly idealTree buildDeps
37 timing idealTree:#root Completed in 1ms
38 timing idealTree:buildDeps Completed in 3ms
39 timing idealTree:fixDepFlags Completed in 0ms
40 timing idealTree Completed in 393ms
41 timing arborist:ctor Completed in 0ms
42 timing reify:loadTrees Completed in 625ms
43 timing reify:diffTrees Completed in 14ms
44 silly reify moves {}
45 timing reify:retireShallow Completed in 2ms
46 timing reify:createSparse Completed in 16ms
47 timing reify:loadBundles Completed in 0ms
48 silly audit bulk request {
48 silly audit   '@aws-crypto/sha256-browser': [ '5.2.0' ],
48 silly audit   '@smithy/is-array-buffer': [ '2.2.0', '3.0.0' ],
48 silly audit   '@smithy/util-buffer-from': [ '2.2.0', '3.0.0' ],
48 silly audit   '@smithy/util-utf8': [ '2.3.0', '3.0.0' ],
48 silly audit   '@aws-crypto/sha256-js': [ '5.2.0' ],
48 silly audit   '@aws-crypto/supports-web-crypto': [ '5.2.0' ],
48 silly audit   '@aws-crypto/util': [ '5.2.0' ],
48 silly audit   '@aws-sdk/client-cognito-identity': [ '3.654.0' ],
48 silly audit   '@aws-sdk/client-sso': [ '3.654.0' ],
48 silly audit   '@aws-sdk/client-sso-oidc': [ '3.654.0' ],
48 silly audit   '@aws-sdk/client-sts': [ '3.654.0' ],
48 silly audit   '@aws-sdk/core': [ '3.654.0' ],
48 silly audit   '@aws-sdk/credential-provider-cognito-identity': [ '3.654.0' ],
48 silly audit   '@aws-sdk/credential-provider-env': [ '3.654.0' ],
48 silly audit   '@aws-sdk/credential-provider-http': [ '3.654.0' ],
48 silly audit   '@aws-sdk/credential-provider-ini': [ '3.654.0' ],
48 silly audit   '@aws-sdk/credential-provider-node': [ '3.654.0' ],
48 silly audit   '@aws-sdk/credential-provider-process': [ '3.654.0' ],
48 silly audit   '@aws-sdk/credential-provider-sso': [ '3.654.0' ],
48 silly audit   '@aws-sdk/credential-provider-web-identity': [ '3.654.0' ],
48 silly audit   '@aws-sdk/credential-providers': [ '3.654.0' ],
48 silly audit   '@aws-sdk/middleware-host-header': [ '3.654.0' ],
48 silly audit   '@aws-sdk/middleware-logger': [ '3.654.0' ],
48 silly audit   '@aws-sdk/middleware-recursion-detection': [ '3.654.0' ],
48 silly audit   '@aws-sdk/middleware-user-agent': [ '3.654.0' ],
48 silly audit   '@aws-sdk/region-config-resolver': [ '3.654.0' ],
48 silly audit   '@aws-sdk/token-providers': [ '3.654.0' ],
48 silly audit   '@aws-sdk/types': [ '3.654.0' ],
48 silly audit   '@aws-sdk/util-endpoints': [ '3.654.0' ],
48 silly audit   '@aws-sdk/util-locate-window': [ '3.568.0' ],
48 silly audit   '@aws-sdk/util-user-agent-browser': [ '3.654.0' ],
48 silly audit   '@aws-sdk/util-user-agent-node': [ '3.654.0' ],
48 silly audit   '@hapi/hoek': [ '9.3.0' ],
48 silly audit   '@hapi/topo': [ '5.1.0' ],
48 silly audit   '@mongodb-js/saslprep': [ '1.1.9' ],
48 silly audit   '@sideway/address': [ '4.1.5' ],
48 silly audit   '@sideway/formula': [ '3.0.1' ],
48 silly audit   '@sideway/pinpoint': [ '2.0.0' ],
48 silly audit   '@smithy/abort-controller': [ '3.1.4' ],
48 silly audit   '@smithy/config-resolver': [ '3.0.8' ],
48 silly audit   '@smithy/core': [ '2.4.3' ],
48 silly audit   '@smithy/credential-provider-imds': [ '3.2.3' ],
48 silly audit   '@smithy/fetch-http-handler': [ '3.2.7' ],
48 silly audit   '@smithy/hash-node': [ '3.0.6' ],
48 silly audit   '@smithy/invalid-dependency': [ '3.0.6' ],
48 silly audit   '@smithy/middleware-content-length': [ '3.0.8' ],
48 silly audit   '@smithy/middleware-endpoint': [ '3.1.3' ],
48 silly audit   '@smithy/middleware-retry': [ '3.0.18' ],
48 silly audit   '@smithy/middleware-serde': [ '3.0.6' ],
48 silly audit   '@smithy/middleware-stack': [ '3.0.6' ],
48 silly audit   '@smithy/node-config-provider': [ '3.1.7' ],
48 silly audit   '@smithy/node-http-handler': [ '3.2.2' ],
48 silly audit   '@smithy/property-provider': [ '3.1.6' ],
48 silly audit   '@smithy/protocol-http': [ '4.1.3' ],
48 silly audit   '@smithy/querystring-builder': [ '3.0.6' ],
48 silly audit   '@smithy/querystring-parser': [ '3.0.6' ],
48 silly audit   '@smithy/service-error-classification': [ '3.0.6' ],
48 silly audit   '@smithy/shared-ini-file-loader': [ '3.1.7' ],
48 silly audit   '@smithy/signature-v4': [ '4.1.3' ],
48 silly audit   '@smithy/smithy-client': [ '3.3.2' ],
48 silly audit   '@smithy/types': [ '3.4.2' ],
48 silly audit   '@smithy/url-parser': [ '3.0.6' ],
48 silly audit   '@smithy/util-base64': [ '3.0.0' ],
48 silly audit   '@smithy/util-body-length-browser': [ '3.0.0' ],
48 silly audit   '@smithy/util-body-length-node': [ '3.0.0' ],
48 silly audit   '@smithy/util-config-provider': [ '3.0.0' ],
48 silly audit   '@smithy/util-defaults-mode-browser': [ '3.0.18' ],
48 silly audit   '@smithy/util-defaults-mode-node': [ '3.0.18' ],
48 silly audit   '@smithy/util-endpoints': [ '2.1.2' ],
48 silly audit   '@smithy/util-hex-encoding': [ '3.0.0' ],
48 silly audit   '@smithy/util-middleware': [ '3.0.6' ],
48 silly audit   '@smithy/util-retry': [ '3.0.6' ],
48 silly audit   '@smithy/util-stream': [ '3.1.6' ],
48 silly audit   '@smithy/util-uri-escape': [ '3.0.0' ],
48 silly audit   '@types/body-parser': [ '1.19.5' ],
48 silly audit   '@types/connect': [ '3.4.38' ],
48 silly audit   '@types/express': [ '4.17.21' ],
48 silly audit   '@types/express-serve-static-core': [ '4.19.5' ],
48 silly audit   '@types/hapi__joi': [ '16.0.12' ],
48 silly audit   '@types/http-errors': [ '2.0.4' ],
48 silly audit   '@types/mime': [ '1.3.5' ],
48 silly audit   '@types/node': [ '22.5.5' ],
48 silly audit   '@types/qs': [ '6.9.16' ],
48 silly audit   '@types/range-parser': [ '1.2.7' ],
48 silly audit   '@types/send': [ '0.17.4' ],
48 silly audit   '@types/serve-static': [ '1.15.7' ],
48 silly audit   '@types/webidl-conversions': [ '7.0.3' ],
48 silly audit   '@types/whatwg-url': [ '8.2.2' ],
48 silly audit   accepts: [ '1.3.8' ],
48 silly audit   anymatch: [ '3.1.3' ],
48 silly audit   'array-flatten': [ '1.1.1' ],
48 silly audit   asynckit: [ '0.4.0' ],
48 silly audit   axios: [ '1.7.7' ],
48 silly audit   'balanced-match': [ '1.0.2' ],
48 silly audit   'base64-js': [ '1.5.1' ],
48 silly audit   'basic-auth': [ '2.0.1' ],
48 silly audit   'safe-buffer': [ '5.1.2', '5.2.1' ],
48 silly audit   'binary-extensions': [ '2.3.0' ],
48 silly audit   'body-parser': [ '1.20.3' ],
48 silly audit   bowser: [ '2.11.0' ],
48 silly audit   'brace-expansion': [ '1.1.11' ],
48 silly audit   braces: [ '3.0.3' ],
48 silly audit   bson: [ '4.7.2' ],
48 silly audit   buffer: [ '5.7.1' ],
48 silly audit   'buffer-equal-constant-time': [ '1.0.1' ],
48 silly audit   bytes: [ '3.1.2' ],
48 silly audit   'call-bind': [ '1.0.7' ],
48 silly audit   chokidar: [ '3.6.0' ],
48 silly audit   'combined-stream': [ '1.0.8' ],
48 silly audit   'concat-map': [ '0.0.1' ],
48 silly audit   'content-disposition': [ '0.5.4' ],
48 silly audit   'content-type': [ '1.0.5' ],
48 silly audit   'convert-hex': [ '0.1.0' ],
48 silly audit   'convert-string': [ '0.1.0' ],
48 silly audit   cookie: [ '0.6.0' ],
48 silly audit   'cookie-signature': [ '1.0.6' ],
48 silly audit   cors: [ '2.8.5' ],
48 silly audit   crypto: [ '1.0.1' ],
48 silly audit   debug: [ '2.6.9', '4.3.7', '3.2.7' ],
48 silly audit   'define-data-property': [ '1.1.4' ],
48 silly audit   'delayed-stream': [ '1.0.0' ],
48 silly audit   depd: [ '2.0.0' ],
48 silly audit   destroy: [ '1.2.0' ],
48 silly audit   dotenv: [ '16.4.5' ],
48 silly audit   'ecdsa-sig-formatter': [ '1.0.11' ],
48 silly audit   'ee-first': [ '1.1.1' ],
48 silly audit   encodeurl: [ '2.0.0', '1.0.2' ],
48 silly audit   'es-define-property': [ '1.0.0' ],
48 silly audit   'es-errors': [ '1.3.0' ],
48 silly audit   'escape-html': [ '1.0.3' ],
48 silly audit   etag: [ '1.8.1' ],
48 silly audit   express: [ '4.21.0' ],
48 silly audit   'express-validation': [ '4.1.1' ],
48 silly audit   'fast-xml-parser': [ '4.4.1' ],
48 silly audit   'fill-range': [ '7.1.1' ],
48 silly audit   finalhandler: [ '1.3.1' ],
48 silly audit   'follow-redirects': [ '1.15.9' ],
48 silly audit   'form-data': [ '4.0.0' ],
48 silly audit   forwarded: [ '0.2.0' ],
48 silly audit   fresh: [ '0.5.2' ],
48 silly audit   fsevents: [ '2.3.3' ],
48 silly audit   'function-bind': [ '1.1.2' ],
48 silly audit   'get-intrinsic': [ '1.2.4' ],
48 silly audit   'glob-parent': [ '5.1.2' ],
48 silly audit   gopd: [ '1.0.1' ],
48 silly audit   'has-flag': [ '3.0.0' ],
48 silly audit   'has-property-descriptors': [ '1.0.2' ],
48 silly audit   'has-proto': [ '1.0.3' ],
48 silly audit   'has-symbols': [ '1.0.3' ],
48 silly audit   hasown: [ '2.0.2' ],
48 silly audit   'http-errors': [ '2.0.0' ],
48 silly audit   'http-status-codes': [ '2.3.0' ],
48 silly audit   'iconv-lite': [ '0.4.24' ],
48 silly audit   ieee754: [ '1.2.1' ],
48 silly audit   'ignore-by-default': [ '1.0.1' ],
48 silly audit   inherits: [ '2.0.4' ],
48 silly audit   'ip-address': [ '9.0.5' ],
48 silly audit   'ipaddr.js': [ '1.9.1' ],
48 silly audit   'is-binary-path': [ '2.1.0' ],
48 silly audit   'is-extglob': [ '2.1.1' ],
48 silly audit   'is-glob': [ '4.0.3' ],
48 silly audit   'is-number': [ '7.0.0' ],
48 silly audit   joi: [ '17.13.3' ],
48 silly audit   jsbn: [ '1.1.0' ],
48 silly audit   jsonwebtoken: [ '9.0.2' ],
48 silly audit   ms: [ '2.1.3', '2.0.0' ],
48 silly audit   jwa: [ '1.4.1' ],
48 silly audit   jws: [ '3.2.2' ],
48 silly audit   kareem: [ '2.5.1' ],
48 silly audit   'lodash.includes': [ '4.3.0' ],
48 silly audit   'lodash.isboolean': [ '3.0.3' ],
48 silly audit   'lodash.isinteger': [ '4.0.4' ],
48 silly audit   'lodash.isnumber': [ '3.0.3' ],
48 silly audit   'lodash.isplainobject': [ '4.0.6' ],
48 silly audit   'lodash.isstring': [ '4.0.1' ],
48 silly audit   'lodash.once': [ '4.1.1' ],
48 silly audit   'media-typer': [ '0.3.0' ],
48 silly audit   'memory-pager': [ '1.5.0' ],
48 silly audit   'merge-descriptors': [ '1.0.3' ],
48 silly audit   methods: [ '1.1.2' ],
48 silly audit   mime: [ '1.6.0' ],
48 silly audit   'mime-db': [ '1.52.0' ],
48 silly audit   'mime-types': [ '2.1.35' ],
48 silly audit   minimatch: [ '3.1.2' ],
48 silly audit   moment: [ '2.30.1' ],
48 silly audit   mongodb: [ '4.17.2' ],
48 silly audit   'mongodb-connection-string-url': [ '2.6.0' ],
48 silly audit   mongoose: [ '6.13.2' ],
48 silly audit   morgan: [ '1.10.0' ],
48 silly audit   'on-finished': [ '2.3.0', '2.4.1' ],
48 silly audit   mpath: [ '0.9.0' ],
48 silly audit   mquery: [ '4.0.3' ],
48 silly audit   negotiator: [ '0.6.3' ],
48 silly audit   'node-cron': [ '3.0.3' ],
48 silly audit   uuid: [ '8.3.2', '9.0.1' ],
48 silly audit   nodemon: [ '2.0.22' ],
48 silly audit   semver: [ '5.7.2', '7.6.3', '7.0.0' ],
48 silly audit   'normalize-path': [ '3.0.0' ],
48 silly audit   'object-assign': [ '4.1.1' ],
48 silly audit   'object-inspect': [ '1.13.2' ],
48 silly audit   'on-headers': [ '1.0.2' ],
48 silly audit   parseurl: [ '1.3.3' ],
48 silly audit   'path-to-regexp': [ '0.1.10' ],
48 silly audit   picomatch: [ '2.3.1' ],
48 silly audit   'proxy-addr': [ '2.0.7' ],
48 silly audit   'proxy-from-env': [ '1.1.0' ],
48 silly audit   'pstree.remy': [ '1.1.8' ],
48 silly audit   punycode: [ '2.3.1' ],
48 silly audit   qs: [ '6.13.0' ],
48 silly audit   'range-parser': [ '1.2.1' ],
48 silly audit   'raw-body': [ '2.5.2' ],
48 silly audit   readdirp: [ '3.6.0' ],
48 silly audit   'safer-buffer': [ '2.1.2' ],
48 silly audit   send: [ '0.19.0' ],
48 silly audit   'serve-static': [ '1.16.2' ],
48 silly audit   'set-function-length': [ '1.2.2' ],
48 silly audit   setprototypeof: [ '1.2.0' ],
48 silly audit   sha256: [ '0.2.0' ],
48 silly audit   'side-channel': [ '1.0.6' ],
48 silly audit   sift: [ '16.0.1' ],
48 silly audit   'simple-update-notifier': [ '1.1.0' ],
48 silly audit   'smart-buffer': [ '4.2.0' ],
48 silly audit   socks: [ '2.8.3' ],
48 silly audit   'sparse-bitfield': [ '3.0.3' ],
48 silly audit   'sprintf-js': [ '1.1.3' ],
48 silly audit   statuses: [ '2.0.1' ],
48 silly audit   strnum: [ '1.0.5' ],
48 silly audit   'supports-color': [ '5.5.0' ],
48 silly audit   'to-regex-range': [ '5.0.1' ],
48 silly audit   toidentifier: [ '1.0.1' ],
48 silly audit   touch: [ '3.1.1' ],
48 silly audit   tr46: [ '3.0.0' ],
48 silly audit   tslib: [ '2.7.0' ],
48 silly audit   'type-is': [ '1.6.18' ],
48 silly audit   undefsafe: [ '2.0.5' ],
48 silly audit   'undici-types': [ '6.19.8' ],
48 silly audit   unpipe: [ '1.0.0' ],
48 silly audit   'utils-merge': [ '1.0.1' ],
48 silly audit   vary: [ '1.1.2' ],
48 silly audit   'webidl-conversions': [ '7.0.0' ],
48 silly audit   'whatwg-url': [ '11.0.0' ]
48 silly audit }
49 verbose reify failed optional dependency /home/ubuntu/GVerse/node_modules/fsevents
50 silly reify mark deleted [ '/home/ubuntu/GVerse/node_modules/fsevents' ]
51 timing reifyNode:node_modules/fsevents Completed in 57ms
52 timing reify:unpack Completed in 61ms
53 timing reify:unretire Completed in 6ms
54 timing build:queue Completed in 6ms
55 timing build:deps Completed in 6ms
56 timing build Completed in 6ms
57 timing reify:build Completed in 7ms
58 timing reify:trash Completed in 2ms
59 timing reify:save Completed in 112ms
60 http fetch POST 200 https://registry.npmjs.org/-/npm/v1/security/advisories/bulk 523ms
61 timing auditReport:getReport Completed in 530ms
62 silly audit report {
62 silly audit report   semver: [
62 silly audit report     {
62 silly audit report       id: 1098562,
62 silly audit report       url: 'https://github.com/advisories/GHSA-c2qf-rxjj-qqgw',
62 silly audit report       title: 'semver vulnerable to Regular Expression Denial of Service',
62 silly audit report       severity: 'high',
62 silly audit report       vulnerable_versions: '>=7.0.0 <7.5.2',
62 silly audit report       cwe: [Array],
62 silly audit report       cvss: [Object]
62 silly audit report     }
62 silly audit report   ]
62 silly audit report }
63 timing metavuln:cache:get:security-advisory:semver:opCi/aWaSKqONMYnfnFEDkv8YHQsLRfA3enlX2IHlHYfFwv+CTH+ItWyYx1Vqalh3HK+Lk+xMxcq/HjPXMZwBQ== Completed in 37ms
64 http fetch GET 200 https://registry.npmjs.org/semver 51ms (cache hit)
65 timing metavuln:packument:semver Completed in 58ms
66 timing metavuln:load:security-advisory:semver:1098562 Completed in 3ms
67 timing metavuln:calculate:security-advisory:semver:1098562 Completed in 64ms
68 timing metavuln:cache:get:security-advisory:simple-update-notifier:VmVhQImG+QKVWnlNW5yp1zHUOx/ZRnbSImuBAMs3JcawiSqH/9EH24+HabREtz3rIxJpMx8t/03D1fhp2B5M3g== Completed in 12ms
69 http fetch GET 200 https://registry.npmjs.org/simple-update-notifier 16ms (cache hit)
70 timing metavuln:packument:simple-update-notifier Completed in 18ms
71 timing metavuln:load:security-advisory:simple-update-notifier:opCi/aWaSKqONMYnfnFEDkv8YHQsLRfA3enlX2IHlHYfFwv+CTH+ItWyYx1Vqalh3HK+Lk+xMxcq/HjPXMZwBQ== Completed in 0ms
72 timing metavuln:calculate:security-advisory:simple-update-notifier:opCi/aWaSKqONMYnfnFEDkv8YHQsLRfA3enlX2IHlHYfFwv+CTH+ItWyYx1Vqalh3HK+Lk+xMxcq/HjPXMZwBQ== Completed in 20ms
73 timing metavuln:cache:get:security-advisory:nodemon:QLv4lSAXpjFCJWcxn62LXZBl2eGhPvRpDtR6QR8NeFbYMFAB6KJai0RLKmdAWEQtbhYMK4zPcknO4Sf0QOu7UQ== Completed in 3ms
74 http fetch GET 200 https://registry.npmjs.org/nodemon 5ms (cache hit)
75 timing metavuln:packument:nodemon Completed in 11ms
76 timing metavuln:load:security-advisory:nodemon:VmVhQImG+QKVWnlNW5yp1zHUOx/ZRnbSImuBAMs3JcawiSqH/9EH24+HabREtz3rIxJpMx8t/03D1fhp2B5M3g== Completed in 2ms
77 timing metavuln:calculate:security-advisory:nodemon:VmVhQImG+QKVWnlNW5yp1zHUOx/ZRnbSImuBAMs3JcawiSqH/9EH24+HabREtz3rIxJpMx8t/03D1fhp2B5M3g== Completed in 13ms
78 timing auditReport:init Completed in 112ms
79 timing reify:audit Completed in 644ms
80 timing reify Completed in 1319ms
81 silly ADD
82 timing command:install Completed in 1348ms
83 verbose exit 0
84 timing npm Completed in 1402ms
85 info ok
